<?xml version="1.0" encoding="UTF-8"?>
<testng-results skipped="0" failed="2" ignored="0" total="4" passed="2">
  <reporter-output>
  </reporter-output>
  <suite name="Sample Test Suite" duration-ms="477339" started-at="2020-04-01T16:00:46Z" finished-at="2020-04-01T16:08:43Z">
    <groups>
    </groups>
    <test name="Method Test Cases" duration-ms="477339" started-at="2020-04-01T16:00:46Z" finished-at="2020-04-01T16:08:43Z">
      <class name="Tests.LoginTests">
        <test-method status="PASS" signature="setUp()[pri:0, instance:Tests.LoginTests@7791a895]" name="setUp" is-config="true" duration-ms="109337" started-at="2020-04-01T16:00:46Z" finished-at="2020-04-01T16:02:35Z">
          <reporter-output>
          </reporter-output>
        </test-method> <!-- setUp -->
        <test-method status="PASS" signature="loginTest()[pri:0, instance:Tests.LoginTests@7791a895]" name="loginTest" duration-ms="9121" started-at="2020-04-01T16:02:35Z" finished-at="2020-04-01T16:02:44Z">
          <reporter-output>
          </reporter-output>
        </test-method> <!-- loginTest -->
        <test-method status="PASS" signature="tearDown()[pri:0, instance:Tests.LoginTests@7791a895]" name="tearDown" is-config="true" duration-ms="769" started-at="2020-04-01T16:02:44Z" finished-at="2020-04-01T16:02:45Z">
          <reporter-output>
          </reporter-output>
        </test-method> <!-- tearDown -->
        <test-method status="PASS" signature="setUp()[pri:0, instance:Tests.LoginTests@7791a895]" name="setUp" is-config="true" duration-ms="91368" started-at="2020-04-01T16:02:45Z" finished-at="2020-04-01T16:04:17Z">
          <reporter-output>
          </reporter-output>
        </test-method> <!-- setUp -->
        <test-method status="FAIL" signature="switchProfileLanguageTest()[pri:0, instance:Tests.LoginTests@7791a895]" name="switchProfileLanguageTest" duration-ms="10281" started-at="2020-04-01T16:04:17Z" finished-at="2020-04-01T16:04:27Z">
          <exception class="org.openqa.selenium.UnhandledAlertException">
            <message>
              <![CDATA[unexpected alert open: {Alert text : Changing the language requires the page to reload. Do you want to proceed?}
  (Session info: chrome=80.0.3987.149): Changing the language requires the page to reload. Do you want to proceed?
Build info: version: '3.14.0', revision: 'aacccce0', time: '2018-08-02T20:19:58.91Z'
System info: host: 'LAPTOP-8GHFP5NF', ip: '192.168.43.142', os.name: 'Windows 10', os.arch: 'amd64', os.version: '10.0', java.version: '1.8.0_241'
Driver info: org.openqa.selenium.chrome.ChromeDriver
Capabilities {acceptInsecureCerts: false, browserName: chrome, browserVersion: 80.0.3987.149, chrome: {chromedriverVersion: 80.0.3987.106 (f68069574609..., userDataDir: C:\Users\sachi\AppData\Loca...}, goog:chromeOptions: {debuggerAddress: localhost:59376}, javascriptEnabled: true, networkConnectionEnabled: false, pageLoadStrategy: normal, platform: WINDOWS, platformName: WINDOWS, proxy: Proxy(), setWindowRect: true, strictFileInteractability: false, timeouts: {implicit: 0, pageLoad: 300000, script: 30000}, unhandledPromptBehavior: dismiss and notify}
Session ID: f5d7688b08935639a49fdf39a8be7da5
*** Element info: {Using=xpath, value=//a[text()='Japanese']}]]>
            </message>
            <full-stacktrace>
              <![CDATA[org.openqa.selenium.UnhandledAlertException: unexpected alert open: {Alert text : Changing the language requires the page to reload. Do you want to proceed?}
  (Session info: chrome=80.0.3987.149): Changing the language requires the page to reload. Do you want to proceed?
Build info: version: '3.14.0', revision: 'aacccce0', time: '2018-08-02T20:19:58.91Z'
System info: host: 'LAPTOP-8GHFP5NF', ip: '192.168.43.142', os.name: 'Windows 10', os.arch: 'amd64', os.version: '10.0', java.version: '1.8.0_241'
Driver info: org.openqa.selenium.chrome.ChromeDriver
Capabilities {acceptInsecureCerts: false, browserName: chrome, browserVersion: 80.0.3987.149, chrome: {chromedriverVersion: 80.0.3987.106 (f68069574609..., userDataDir: C:\Users\sachi\AppData\Loca...}, goog:chromeOptions: {debuggerAddress: localhost:59376}, javascriptEnabled: true, networkConnectionEnabled: false, pageLoadStrategy: normal, platform: WINDOWS, platformName: WINDOWS, proxy: Proxy(), setWindowRect: true, strictFileInteractability: false, timeouts: {implicit: 0, pageLoad: 300000, script: 30000}, unhandledPromptBehavior: dismiss and notify}
Session ID: f5d7688b08935639a49fdf39a8be7da5
*** Element info: {Using=xpath, value=//a[text()='Japanese']}
at org.openqa.selenium.remote.http.W3CHttpResponseCodec.decode(W3CHttpResponseCodec.java:120)
at org.openqa.selenium.remote.http.W3CHttpResponseCodec.decode(W3CHttpResponseCodec.java:49)
at org.openqa.selenium.remote.HttpCommandExecutor.execute(HttpCommandExecutor.java:158)
at org.openqa.selenium.remote.service.DriverCommandExecutor.execute(DriverCommandExecutor.java:83)
at org.openqa.selenium.remote.RemoteWebDriver.execute(RemoteWebDriver.java:548)
at org.openqa.selenium.remote.RemoteWebDriver.findElement(RemoteWebDriver.java:322)
at org.openqa.selenium.remote.RemoteWebDriver.findElementByXPath(RemoteWebDriver.java:424)
at org.openqa.selenium.By$ByXPath.findElement(By.java:353)
at org.openqa.selenium.remote.RemoteWebDriver.findElement(RemoteWebDriver.java:314)
at org.openqa.selenium.support.pagefactory.DefaultElementLocator.findElement(DefaultElementLocator.java:69)
at org.openqa.selenium.support.pagefactory.internal.LocatingElementHandler.invoke(LocatingElementHandler.java:38)
at com.sun.proxy.$Proxy9.toString(Unknown Source)
at java.lang.String.valueOf(Unknown Source)
at java.lang.StringBuilder.append(Unknown Source)
at Base.BasePage.click(BasePage.java:47)
at Pages.HomePage.switchLanguage(HomePage.java:304)
at Tests.LoginTests.switchProfileLanguageTest(LoginTests.java:79)
at sun.reflect.NativeMethodAccessorImpl.invoke0(Native Method)
at sun.reflect.NativeMethodAccessorImpl.invoke(Unknown Source)
at sun.reflect.DelegatingMethodAccessorImpl.invoke(Unknown Source)
at java.lang.reflect.Method.invoke(Unknown Source)
at org.testng.internal.MethodInvocationHelper.invokeMethod(MethodInvocationHelper.java:124)
at org.testng.internal.Invoker.invokeMethod(Invoker.java:583)
at org.testng.internal.Invoker.invokeTestMethod(Invoker.java:719)
at org.testng.internal.Invoker.invokeTestMethods(Invoker.java:989)
at org.testng.internal.TestMethodWorker.invokeTestMethods(TestMethodWorker.java:125)
at org.testng.internal.TestMethodWorker.run(TestMethodWorker.java:109)
at org.testng.TestRunner.privateRun(TestRunner.java:648)
at org.testng.TestRunner.run(TestRunner.java:505)
at org.testng.SuiteRunner.runTest(SuiteRunner.java:455)
at org.testng.SuiteRunner.access$000(SuiteRunner.java:40)
at org.testng.SuiteRunner$SuiteWorker.run(SuiteRunner.java:489)
at org.testng.internal.thread.ThreadUtil$1.call(ThreadUtil.java:52)
at java.util.concurrent.FutureTask.run(Unknown Source)
at java.util.concurrent.ThreadPoolExecutor.runWorker(Unknown Source)
at java.util.concurrent.ThreadPoolExecutor$Worker.run(Unknown Source)
at java.lang.Thread.run(Unknown Source)
]]>
            </full-stacktrace>
          </exception> <!-- org.openqa.selenium.UnhandledAlertException -->
          <reporter-output>
          </reporter-output>
        </test-method> <!-- switchProfileLanguageTest -->
        <test-method status="PASS" signature="tearDown()[pri:0, instance:Tests.LoginTests@7791a895]" name="tearDown" is-config="true" duration-ms="721" started-at="2020-04-01T16:04:27Z" finished-at="2020-04-01T16:04:28Z">
          <reporter-output>
          </reporter-output>
        </test-method> <!-- tearDown -->
        <test-method status="PASS" signature="setUp()[pri:0, instance:Tests.LoginTests@7791a895]" name="setUp" is-config="true" duration-ms="93626" started-at="2020-04-01T16:04:28Z" finished-at="2020-04-01T16:06:01Z">
          <reporter-output>
          </reporter-output>
        </test-method> <!-- setUp -->
        <test-method status="PASS" signature="verifyClientDetailsTest()[pri:0, instance:Tests.LoginTests@7791a895]" name="verifyClientDetailsTest" duration-ms="4221" started-at="2020-04-01T16:06:01Z" finished-at="2020-04-01T16:06:05Z">
          <reporter-output>
          </reporter-output>
        </test-method> <!-- verifyClientDetailsTest -->
        <test-method status="PASS" signature="tearDown()[pri:0, instance:Tests.LoginTests@7791a895]" name="tearDown" is-config="true" duration-ms="709" started-at="2020-04-01T16:06:05Z" finished-at="2020-04-01T16:06:06Z">
          <reporter-output>
          </reporter-output>
        </test-method> <!-- tearDown -->
        <test-method status="PASS" signature="setUp()[pri:0, instance:Tests.LoginTests@7791a895]" name="setUp" is-config="true" duration-ms="90252" started-at="2020-04-01T16:06:06Z" finished-at="2020-04-01T16:07:36Z">
          <reporter-output>
          </reporter-output>
        </test-method> <!-- setUp -->
        <test-method status="FAIL" signature="verifyAllTabsTest()[pri:0, instance:Tests.LoginTests@7791a895]" name="verifyAllTabsTest" duration-ms="66174" started-at="2020-04-01T16:07:36Z" finished-at="2020-04-01T16:08:43Z">
          <exception class="java.lang.NullPointerException">
            <full-stacktrace>
              <![CDATA[java.lang.NullPointerException
at Tests.LoginTests.verifyAllTabsTest(LoginTests.java:130)
at sun.reflect.NativeMethodAccessorImpl.invoke0(Native Method)
at sun.reflect.NativeMethodAccessorImpl.invoke(Unknown Source)
at sun.reflect.DelegatingMethodAccessorImpl.invoke(Unknown Source)
at java.lang.reflect.Method.invoke(Unknown Source)
at org.testng.internal.MethodInvocationHelper.invokeMethod(MethodInvocationHelper.java:124)
at org.testng.internal.Invoker.invokeMethod(Invoker.java:583)
at org.testng.internal.Invoker.invokeTestMethod(Invoker.java:719)
at org.testng.internal.Invoker.invokeTestMethods(Invoker.java:989)
at org.testng.internal.TestMethodWorker.invokeTestMethods(TestMethodWorker.java:125)
at org.testng.internal.TestMethodWorker.run(TestMethodWorker.java:109)
at org.testng.TestRunner.privateRun(TestRunner.java:648)
at org.testng.TestRunner.run(TestRunner.java:505)
at org.testng.SuiteRunner.runTest(SuiteRunner.java:455)
at org.testng.SuiteRunner.access$000(SuiteRunner.java:40)
at org.testng.SuiteRunner$SuiteWorker.run(SuiteRunner.java:489)
at org.testng.internal.thread.ThreadUtil$1.call(ThreadUtil.java:52)
at java.util.concurrent.FutureTask.run(Unknown Source)
at java.util.concurrent.ThreadPoolExecutor.runWorker(Unknown Source)
at java.util.concurrent.ThreadPoolExecutor$Worker.run(Unknown Source)
at java.lang.Thread.run(Unknown Source)
]]>
            </full-stacktrace>
          </exception> <!-- java.lang.NullPointerException -->
          <reporter-output>
          </reporter-output>
        </test-method> <!-- verifyAllTabsTest -->
        <test-method status="PASS" signature="tearDown()[pri:0, instance:Tests.LoginTests@7791a895]" name="tearDown" is-config="true" duration-ms="719" started-at="2020-04-01T16:08:43Z" finished-at="2020-04-01T16:08:43Z">
          <reporter-output>
          </reporter-output>
        </test-method> <!-- tearDown -->
      </class> <!-- Tests.LoginTests -->
    </test> <!-- Method Test Cases -->
  </suite> <!-- Sample Test Suite -->
</testng-results>
