<?xml version="1.0" encoding="UTF-8"?>
<testng-results skipped="0" failed="0" ignored="0" total="1" passed="1">
  <reporter-output>
  </reporter-output>
  <suite name="Default suite" duration-ms="85675" started-at="2020-10-12T12:19:25Z" finished-at="2020-10-12T12:20:51Z">
    <groups>
    </groups>
    <test name="Default test" duration-ms="85675" started-at="2020-10-12T12:19:25Z" finished-at="2020-10-12T12:20:51Z">
      <class name="Tests.EXLAssignment">
        <test-method status="PASS" signature="setUp()[pri:0, instance:Tests.EXLAssignment@106cc338]" name="setUp" is-config="true" duration-ms="13360" started-at="2020-10-12T12:19:25Z" finished-at="2020-10-12T12:19:39Z">
          <reporter-output>
          </reporter-output>
        </test-method> <!-- setUp -->
        <test-method status="PASS" signature="loginTest()[pri:0, instance:Tests.EXLAssignment@106cc338]" name="loginTest" duration-ms="72285" started-at="2020-10-12T12:19:39Z" finished-at="2020-10-12T12:20:51Z">
          <reporter-output>
          </reporter-output>
        </test-method> <!-- loginTest -->
        <test-method status="PASS" signature="tearDown()[pri:0, instance:Tests.EXLAssignment@106cc338]" name="tearDown" is-config="true" duration-ms="0" started-at="2020-10-12T12:20:51Z" finished-at="2020-10-12T12:20:51Z">
          <reporter-output>
          </reporter-output>
        </test-method> <!-- tearDown -->
      </class> <!-- Tests.EXLAssignment -->
    </test> <!-- Default test -->
  </suite> <!-- Default suite -->
</testng-results>
